Build started 30/07/2013 02:21:29 p.m..
     1>Project "C:\Users\santiago.quintero\Documents\Visual Studio 2010\Projects\CatchingAdvertising\CatchingAdvertising\CatchingAdvertising.vcxproj" on node 2 (build target(s)).
     1>InitializeBuildStatus:
         Creating "Debug\CatchingAdvertising.unsuccessfulbuild" because "AlwaysCreate" was specified.
       ClCompile:
         C:\Program Files (x86)\Microsoft Visual Studio 10.0\VC\bin\CL.exe /c /IC:\Users\santiago.quintero\Documents\Programs\opencv\build\\include /ZI /nologo /W3 /WX- /Od /Oy- /D WIN32 /D _DEBUG /D _CONSOLE /D _UNICODE /D UNICODE /Gm /EHsc /RTC1 /MDd /GS /fp:precise /Zc:wchar_t /Zc:forScope /Fo"Debug\\" /Fd"Debug\vc100.pdb" /Gd /TP /analyze- /errorReport:prompt main.cpp
         main.cpp
     1>c:\users\santiago.quintero\documents\visual studio 2010\projects\catchingadvertising\catchingadvertising\main.cpp(92): warning C4244: 'initializing' : conversion from 'double' to 'int', possible loss of data
     1>c:\users\santiago.quintero\documents\visual studio 2010\projects\catchingadvertising\catchingadvertising\main.cpp(93): warning C4244: 'initializing' : conversion from 'double' to 'int', possible loss of data
     1>c:\users\santiago.quintero\documents\visual studio 2010\projects\catchingadvertising\catchingadvertising\main.cpp(195): warning C4244: 'initializing' : conversion from 'double' to 'int', possible loss of data
       ManifestResourceCompile:
         All outputs are up-to-date.
       Link:
         C:\Program Files (x86)\Microsoft Visual Studio 10.0\VC\bin\link.exe /ERRORREPORT:PROMPT /OUT:"C:\Users\santiago.quintero\Documents\Visual Studio 2010\Projects\CatchingAdvertising\Debug\CatchingAdvertising.exe" /INCREMENTAL /NOLOGO /LIBPATH:C:\Users\santiago.quintero\Documents\Programs\opencv\build\\x86\vc10\lib opencv_calib3d243d.lib opencv_contrib243d.lib opencv_core243d.lib opencv_features2d243d.lib opencv_flann243d.lib opencv_gpu243d.lib opencv_highgui243d.lib opencv_imgproc243d.lib opencv_legacy243d.lib opencv_ml243d.lib opencv_nonfree243d.lib opencv_objdetect243d.lib opencv_photo243d.lib opencv_stitching243d.lib opencv_ts243d.lib opencv_video243d.lib opencv_videostab243d.lib /MANIFEST /ManifestFile:"Debug\CatchingAdvertising.exe.intermediate.manifest" /MANIFESTUAC:"level='asInvoker' uiAccess='false'" /DEBUG /PDB:"C:\Users\santiago.quintero\Documents\Visual Studio 2010\Projects\CatchingAdvertising\Debug\CatchingAdvertising.pdb" /SUBSYSTEM:CONSOLE /TLBID:1 /DYNAMICBASE /NXCOMPAT /IMPLIB:"C:\Users\santiago.quintero\Documents\Visual Studio 2010\Projects\CatchingAdvertising\Debug\CatchingAdvertising.lib" /MACHINE:X86 Debug\CatchingAdvertising.exe.embed.manifest.res
         Debug\main.obj
         Debug\MyTime.obj
         Debug\Person.obj
       Manifest:
         C:\Program Files (x86)\Microsoft SDKs\Windows\v7.0A\bin\mt.exe /nologo /verbose /out:"Debug\CatchingAdvertising.exe.embed.manifest" /manifest Debug\CatchingAdvertising.exe.intermediate.manifest
         All outputs are up-to-date.
       LinkEmbedManifest:
         All outputs are up-to-date.
         CatchingAdvertising.vcxproj -> C:\Users\santiago.quintero\Documents\Visual Studio 2010\Projects\CatchingAdvertising\Debug\CatchingAdvertising.exe
       FinalizeBuildStatus:
         Deleting file "Debug\CatchingAdvertising.unsuccessfulbuild".
         Touching "Debug\CatchingAdvertising.lastbuildstate".
     1>Done Building Project "C:\Users\santiago.quintero\Documents\Visual Studio 2010\Projects\CatchingAdvertising\CatchingAdvertising\CatchingAdvertising.vcxproj" (build target(s)).

Build succeeded.

Time Elapsed 00:00:04.53
